# JRE version: OpenJDK Runtime Environment Temurin-19.0.1+10 (19.0.1+10) (build 19.0.1+10)
# Java VM: OpenJDK 64-Bit Server VM Temurin-19.0.1+10 (19.0.1+10, mixed mode, emulated-client, sharing, tiered, compressed oops, compressed class ptrs, g1 gc, windows-amd64)
GC Precious Log:
 CardTable entry size: 512
 Card Set container configuration: InlinePtr #cards 5 size 8 Array Of Cards #cards 12 size 40 Howl #buckets 4 coarsen threshold 1843 Howl Bitmap #cards 512 size 80 coarsen threshold 460 Card regions per heap region 1 cards per card region 2048
 CPUs: 12 total, 12 available
 Memory: 7967M
 Large Page Support: Disabled
 NUMA Support: Disabled
 Compressed Oops: Enabled (32-bit)
 Heap Region Size: 1M
 Heap Min Capacity: 8M
 Heap Initial Capacity: 126M
 Heap Max Capacity: 1992M
 Pre-touch: Disabled
 Parallel Workers: 10
 Concurrent Workers: 3
 Concurrent Refinement Workers: 10
 Periodic GC: Disabled
Heap:
 garbage-first heap   total 48128K, used 25861K [0x0000000083800000, 0x0000000100000000)
  region size 1024K, 13 young (13312K), 3 survivors (3072K)
 Metaspace       used 29538K, committed 30208K, reserved 1114112K
  class space    used 3886K, committed 4224K, reserved 1048576K
GC Heap History (12 events):
Event: 0.490 GC heap before
{Heap before GC invocations=0 (full 0):
 garbage-first heap   total 129024K, used 22528K [0x0000000083800000, 0x0000000100000000)
  region size 1024K, 23 young (23552K), 0 survivors (0K)
 Metaspace       used 3065K, committed 3264K, reserved 1114112K
  class space    used 361K, committed 448K, reserved 1048576K
}
Event: 0.497 GC heap after
{Heap after GC invocations=1 (full 0):
 garbage-first heap   total 129024K, used 4829K [0x0000000083800000, 0x0000000100000000)
  region size 1024K, 3 young (3072K), 3 survivors (3072K)
 Metaspace       used 3065K, committed 3264K, reserved 1114112K
  class space    used 361K, committed 448K, reserved 1048576K
}
Event: 1.251 GC heap before
{Heap before GC invocations=1 (full 0):
 garbage-first heap   total 129024K, used 35549K [0x0000000083800000, 0x0000000100000000)
  region size 1024K, 34 young (34816K), 3 survivors (3072K)
 Metaspace       used 12950K, committed 13248K, reserved 1114112K
  class space    used 1621K, committed 1792K, reserved 1048576K
}
Event: 1.257 GC heap after
{Heap after GC invocations=2 (full 0):
 garbage-first heap   total 129024K, used 8077K [0x0000000083800000, 0x0000000100000000)
  region size 1024K, 4 young (4096K), 4 survivors (4096K)
 Metaspace       used 12950K, committed 13248K, reserved 1114112K
  class space    used 1621K, committed 1792K, reserved 1048576K
}
Event: 1.898 GC heap before
{Heap before GC invocations=2 (full 0):
 garbage-first heap   total 129024K, used 55181K [0x0000000083800000, 0x0000000100000000)
  region size 1024K, 52 young (53248K), 4 survivors (4096K)
 Metaspace       used 21039K, committed 21504K, reserved 1114112K
  class space    used 2700K, committed 2944K, reserved 1048576K
}
Event: 1.908 GC heap after
{Heap after GC invocations=3 (full 0):
 garbage-first heap   total 129024K, used 12109K [0x0000000083800000, 0x0000000100000000)
  region size 1024K, 8 young (8192K), 8 survivors (8192K)
 Metaspace       used 21039K, committed 21504K, reserved 1114112K
  class space    used 2700K, committed 2944K, reserved 1048576K
}
Event: 2.276 GC heap before
{Heap before GC invocations=4 (full 0):
 garbage-first heap   total 48128K, used 32589K [0x0000000083800000, 0x0000000100000000)
  region size 1024K, 28 young (28672K), 8 survivors (8192K)
 Metaspace       used 24741K, committed 25344K, reserved 1114112K
  class space    used 3214K, committed 3520K, reserved 1048576K
}
Event: 2.291 GC heap after
{Heap after GC invocations=5 (full 0):
 garbage-first heap   total 48128K, used 14898K [0x0000000083800000, 0x0000000100000000)
  region size 1024K, 3 young (3072K), 3 survivors (3072K)
 Metaspace       used 24741K, committed 25344K, reserved 1114112K
  class space    used 3214K, committed 3520K, reserved 1048576K
}
Event: 2.308 GC heap before
{Heap before GC invocations=5 (full 0):
 garbage-first heap   total 48128K, used 15922K [0x0000000083800000, 0x0000000100000000)
  region size 1024K, 4 young (4096K), 3 survivors (3072K)
 Metaspace       used 24907K, committed 25472K, reserved 1114112K
  class space    used 3234K, committed 3520K, reserved 1048576K
}
Event: 2.313 GC heap after
{Heap after GC invocations=6 (full 0):
 garbage-first heap   total 48128K, used 14952K [0x0000000083800000, 0x0000000100000000)
  region size 1024K, 1 young (1024K), 1 survivors (1024K)
 Metaspace       used 24907K, committed 25472K, reserved 1114112K
  class space    used 3234K, committed 3520K, reserved 1048576K
}
Event: 2.618 GC heap before
{Heap before GC invocations=6 (full 0):
 garbage-first heap   total 48128K, used 33384K [0x0000000083800000, 0x0000000100000000)
  region size 1024K, 20 young (20480K), 1 survivors (1024K)
 Metaspace       used 28149K, committed 28736K, reserved 1114112K
  class space    used 3683K, committed 3968K, reserved 1048576K
}
Event: 2.621 GC heap after
{Heap after GC invocations=7 (full 0):
 garbage-first heap   total 48128K, used 16645K [0x0000000083800000, 0x0000000100000000)
  region size 1024K, 3 young (3072K), 3 survivors (3072K)
 Metaspace       used 28149K, committed 28736K, reserved 1114112K
  class space    used 3683K, committed 3968K, reserved 1048576K
}

